2019-08-16 18:56:43,117 INFO o.a.j.u.JMeterUtils: Setting Locale to en_EN
2019-08-16 18:56:43,145 INFO o.a.j.JMeter: Loading user properties from: C:\Users\Matthew\scoop\apps\jmeter\current\bin\user.properties
2019-08-16 18:56:43,153 INFO o.a.j.JMeter: Loading system properties from: C:\Users\Matthew\scoop\apps\jmeter\current\bin\system.properties
2019-08-16 18:56:43,161 INFO o.a.j.JMeter: Copyright (c) 1998-2019 The Apache Software Foundation
2019-08-16 18:56:43,161 INFO o.a.j.JMeter: Version 5.1.1 r1855137
2019-08-16 18:56:43,161 INFO o.a.j.JMeter: java.version=1.8.0_211
2019-08-16 18:56:43,161 INFO o.a.j.JMeter: java.vm.name=Java HotSpot(TM) 64-Bit Server VM
2019-08-16 18:56:43,161 INFO o.a.j.JMeter: os.name=Windows 10
2019-08-16 18:56:43,161 INFO o.a.j.JMeter: os.arch=amd64
2019-08-16 18:56:43,161 INFO o.a.j.JMeter: os.version=10.0
2019-08-16 18:56:43,161 INFO o.a.j.JMeter: file.encoding=Cp1251
2019-08-16 18:56:43,161 INFO o.a.j.JMeter: java.awt.headless=null
2019-08-16 18:56:43,161 INFO o.a.j.JMeter: Max memory     =1073741824
2019-08-16 18:56:43,161 INFO o.a.j.JMeter: Available Processors =8
2019-08-16 18:56:43,169 INFO o.a.j.JMeter: Default Locale=English (EN)
2019-08-16 18:56:43,169 INFO o.a.j.JMeter: JMeter  Locale=English (EN)
2019-08-16 18:56:43,169 INFO o.a.j.JMeter: JMeterHome=C:\Users\Matthew\scoop\apps\jmeter\current
2019-08-16 18:56:43,169 INFO o.a.j.JMeter: user.dir  =C:\at_projects\testing_tips_tricks
2019-08-16 18:56:43,169 INFO o.a.j.JMeter: PWD       =C:\at_projects\testing_tips_tricks
2019-08-16 18:56:52,198 INFO o.a.j.JMeter: IP: 169.254.148.6 Name: xps FullName: 169.254.148.6
2019-08-16 18:56:53,909 INFO o.a.j.g.a.LookAndFeelCommand: Installing Darcula LAF
2019-08-16 18:56:53,957 INFO o.a.j.g.a.LookAndFeelCommand: Using look and feel: com.bulenkov.darcula.DarculaLaf [Darcula]
2019-08-16 18:56:53,957 INFO o.a.j.JMeter: Setting LAF to: com.bulenkov.darcula.DarculaLaf
2019-08-16 18:56:54,057 INFO o.a.j.JMeter: Loaded icon properties from org/apache/jmeter/images/icon.properties
2019-08-16 18:56:55,876 INFO o.a.j.p.h.s.HTTPSamplerBase: Parser for text/html is org.apache.jmeter.protocol.http.parser.LagartoBasedHtmlParser
2019-08-16 18:56:55,876 INFO o.a.j.p.h.s.HTTPSamplerBase: Parser for application/xhtml+xml is org.apache.jmeter.protocol.http.parser.LagartoBasedHtmlParser
2019-08-16 18:56:55,880 INFO o.a.j.p.h.s.HTTPSamplerBase: Parser for application/xml is org.apache.jmeter.protocol.http.parser.LagartoBasedHtmlParser
2019-08-16 18:56:55,880 INFO o.a.j.p.h.s.HTTPSamplerBase: Parser for text/xml is org.apache.jmeter.protocol.http.parser.LagartoBasedHtmlParser
2019-08-16 18:56:55,880 INFO o.a.j.p.h.s.HTTPSamplerBase: Parser for text/vnd.wap.wml is org.apache.jmeter.protocol.http.parser.RegexpHTMLParser
2019-08-16 18:56:55,880 INFO o.a.j.p.h.s.HTTPSamplerBase: Parser for text/css is org.apache.jmeter.protocol.http.parser.CssParser
2019-08-16 18:56:56,112 INFO o.a.j.e.KeyToolUtils: Exception checking for keytool existence, will return false, try another way.
2019-08-16 18:56:57,543 INFO o.a.j.e.KeyToolUtils: keytool found at 'C:\Program Files\Java\jre1.8.0_211\bin\keytool'
2019-08-16 18:56:57,543 INFO o.a.j.p.h.p.ProxyControl: HTTP(S) Test Script Recorder SSL Proxy will use keys that support embedded 3rd party resources in file C:\Users\Matthew\scoop\apps\jmeter\current\bin\proxyserver.jks
2019-08-16 18:56:57,747 INFO o.a.j.s.FileServer: Default base='C:\at_projects\testing_tips_tricks'
2019-08-16 18:56:58,443 INFO o.a.j.s.SampleResult: Note: Sample TimeStamps are START times
2019-08-16 18:56:58,443 INFO o.a.j.s.SampleResult: sampleresult.default.encoding is set to ISO-8859-1
2019-08-16 18:56:58,443 INFO o.a.j.s.SampleResult: sampleresult.useNanoTime=true
2019-08-16 18:56:58,443 INFO o.a.j.s.SampleResult: sampleresult.nanoThreadSleep=5000
2019-08-16 18:57:32,996 INFO o.a.j.g.a.Load: Loading file: D:\Desktop\Thread Group.jmx
2019-08-16 18:57:32,996 INFO o.a.j.s.FileServer: Set new base='D:\Desktop'
2019-08-16 18:57:33,164 INFO o.a.j.s.SaveService: Testplan (JMX) version: 2.2. Testlog (JTL) version: 2.2
2019-08-16 18:57:33,192 INFO o.a.j.s.SaveService: Using SaveService properties file encoding UTF-8
2019-08-16 18:57:33,192 INFO o.a.j.s.SaveService: Using SaveService properties version 5.0
2019-08-16 18:57:33,196 INFO o.a.j.s.SaveService: Loading file: D:\Desktop\Thread Group.jmx
2019-08-16 18:57:33,196 WARN o.a.j.g.a.Load: Error reading file. java.io.FileNotFoundException: D:\Desktop\Thread Group.jmx (The system cannot find the file specified)
2019-08-16 18:57:41,352 INFO o.a.j.g.a.Load: Loading file: D:\Desktop\RECORD-08-02-19-11-01-37-PM.jmx
2019-08-16 18:57:41,352 INFO o.a.j.s.FileServer: Set new base='D:\Desktop'
2019-08-16 18:57:41,352 INFO o.a.j.s.SaveService: Loading file: D:\Desktop\RECORD-08-02-19-11-01-37-PM.jmx
2019-08-16 18:57:41,352 WARN o.a.j.g.a.Load: Error reading file. java.io.FileNotFoundException: D:\Desktop\RECORD-08-02-19-11-01-37-PM.jmx (The system cannot find the file specified)
2019-08-16 19:00:12,390 INFO o.a.j.g.a.Load: Loading file: C:\at_projects\jmeter\RECORD-08-11-19-11-38-21-AM.jmx
2019-08-16 19:00:12,390 INFO o.a.j.s.FileServer: Set new base='C:\at_projects\jmeter'
2019-08-16 19:00:12,390 INFO o.a.j.s.SaveService: Loading file: C:\at_projects\jmeter\RECORD-08-11-19-11-38-21-AM.jmx
2019-08-16 19:00:12,442 INFO o.a.j.p.h.c.CookieManager: Settings: Delete null: true Check: true Allow variable: true Save: false Prefix: COOKIE_
2019-08-16 19:00:12,446 INFO o.a.j.p.h.c.CacheManager: Will only cache the following methods: [GET]
2019-08-16 19:00:12,558 INFO o.a.j.s.FileServer: Set new base='C:\at_projects\jmeter'
2019-08-16 19:02:02,838 INFO o.a.j.e.StandardJMeterEngine: Running the test!
2019-08-16 19:02:02,842 INFO o.a.j.s.SampleEvent: List of sample_variables: []
2019-08-16 19:02:02,842 INFO o.a.j.s.SampleEvent: List of sample_variables: []
2019-08-16 19:02:02,846 INFO o.a.j.e.u.CompoundVariable: Note: Function class names must contain the string: '.functions.'
2019-08-16 19:02:02,846 INFO o.a.j.e.u.CompoundVariable: Note: Function class names must not contain the string: '.gui.'
2019-08-16 19:02:03,265 INFO o.a.j.g.u.JMeterMenuBar: setRunning(true, *local*)
2019-08-16 19:02:03,477 INFO o.a.j.e.StandardJMeterEngine: Starting ThreadGroup: 1 : Thread Group
2019-08-16 19:02:03,477 INFO o.a.j.e.StandardJMeterEngine: Starting 1 threads for group Thread Group.
2019-08-16 19:02:03,477 INFO o.a.j.e.StandardJMeterEngine: Thread will continue on error
2019-08-16 19:02:03,481 INFO o.a.j.t.ThreadGroup: Starting thread group... number=1 threads=1 ramp-up=1 delayedStart=false
2019-08-16 19:02:03,485 INFO o.a.j.t.ThreadGroup: Started thread group number 1
2019-08-16 19:02:03,489 INFO o.a.j.e.StandardJMeterEngine: All thread groups have been started
2019-08-16 19:02:03,497 INFO o.a.j.t.JMeterThread: Thread started: Thread Group 1-1
2019-08-16 19:02:03,513 INFO o.a.j.p.h.s.HTTPHCAbstractImpl: Local host = xps
2019-08-16 19:02:03,517 INFO o.a.j.p.h.s.HTTPHC4Impl: HTTP request retry count = 0
2019-08-16 19:02:03,605 INFO o.a.j.p.h.s.h.LazyLayeredConnectionSocketFactory: Setting up HTTPS TrustAll Socket Factory
2019-08-16 19:02:03,609 INFO o.a.j.u.JsseSSLManager: Using default SSL protocol: TLS
2019-08-16 19:02:03,609 INFO o.a.j.u.JsseSSLManager: SSL session context: per-thread
2019-08-16 19:02:04,625 INFO o.a.j.u.SSLManager: JmeterKeyStore Location:  type JKS
2019-08-16 19:02:04,629 INFO o.a.j.u.SSLManager: KeyStore created OK
2019-08-16 19:02:04,629 WARN o.a.j.u.SSLManager: Keystore file not found, loading empty keystore
2019-08-16 19:02:08,133 INFO o.a.j.t.JMeterThread: Thread is done: Thread Group 1-1
2019-08-16 19:02:08,133 INFO o.a.j.t.JMeterThread: Thread finished: Thread Group 1-1
2019-08-16 19:02:08,137 INFO o.a.j.e.StandardJMeterEngine: Notifying test listeners of end of test
2019-08-16 19:02:08,137 INFO o.a.j.g.u.JMeterMenuBar: setRunning(false, *local*)
